<?xml version="1.0" encoding="UTF-8"?>
<robot generator="Robot 3.2.2 (Python 3.12.1 on win32)" generated="20240117 16:24:30.777" rpa="false">
<suite id="s1" name="RobotSelenium" source="C:\Users\launa\git\RobotSelenium">
<suite id="s1-s1" name="CalculatriceAddition" source="C:\Users\launa\git\RobotSelenium\CalculatriceAddition">
<suite id="s1-s1-s1" name="Calculate" source="C:\Users\launa\git\RobotSelenium\CalculatriceAddition\Calculate.robot">
<test id="s1-s1-s1-t1" name="Perform Calculation">
<kw name="Open Browser" library="Selenium2Library">
<doc>Opens a new browser instance to the optional ``url``.</doc>
<arguments>
<arg>${URL}</arg>
<arg>${BROWSER}</arg>
</arguments>
<msg timestamp="20240117 16:24:30.993" level="INFO">Opening browser 'chrome' to base url 'http://www.calculator.net/'.</msg>
<status status="PASS" starttime="20240117 16:24:30.992" endtime="20240117 16:24:33.944"></status>
</kw>
<kw name="Maximize Browser Window" library="Selenium2Library">
<doc>Maximizes current browser window.</doc>
<status status="PASS" starttime="20240117 16:24:33.946" endtime="20240117 16:24:34.089"></status>
</kw>
<kw name="Click Element" library="Selenium2Library">
<doc>Click the element identified by ``locator``.</doc>
<arguments>
<arg>xpath://*[@id="sciOutPut"]</arg>
</arguments>
<msg timestamp="20240117 16:24:34.090" level="INFO">Clicking element 'xpath://*[@id="sciOutPut"]'.</msg>
<status status="PASS" starttime="20240117 16:24:34.089" endtime="20240117 16:24:34.153"></status>
</kw>
<kw name="Get Text" library="Selenium2Library">
<doc>Returns the text value of the element identified by ``locator``.</doc>
<arguments>
<arg>xpath://*[@id="sciOutPut"]</arg>
</arguments>
<assign>
<var>${zero}</var>
</assign>
<msg timestamp="20240117 16:24:34.182" level="INFO">${zero} = 0</msg>
<status status="PASS" starttime="20240117 16:24:34.154" endtime="20240117 16:24:34.182"></status>
</kw>
<kw name="Should Be Equal As Strings" library="BuiltIn">
<doc>Fails if objects are unequal after converting them to strings.</doc>
<arguments>
<arg>${zero}</arg>
<arg>0</arg>
</arguments>
<status status="PASS" starttime="20240117 16:24:34.182" endtime="20240117 16:24:34.183"></status>
</kw>
<kw name="Click Element" library="Selenium2Library">
<doc>Click the element identified by ``locator``.</doc>
<arguments>
<arg>xpath://html/body/div[3]/div/table/tbody/tr/td[1]/table/tbody/tr[2]/td[2]/div/div[3]/span[3]</arg>
</arguments>
<msg timestamp="20240117 16:24:34.184" level="INFO">Clicking element 'xpath://html/body/div[3]/div/table/tbody/tr/td[1]/table/tbody/tr[2]/td[2]/div/div[3]/span[3]'.</msg>
<status status="PASS" starttime="20240117 16:24:34.184" endtime="20240117 16:24:34.247"></status>
</kw>
<kw name="Get Text" library="Selenium2Library">
<doc>Returns the text value of the element identified by ``locator``.</doc>
<arguments>
<arg>xpath://html/body/div[3]/div/table/tbody/tr/td[1]/table/tbody/tr[2]/td[2]/div/div[3]/span[3]</arg>
</arguments>
<assign>
<var>${trois}</var>
</assign>
<msg timestamp="20240117 16:24:34.268" level="INFO">${trois} = 3</msg>
<status status="PASS" starttime="20240117 16:24:34.247" endtime="20240117 16:24:34.268"></status>
</kw>
<kw name="Should Be Equal As Strings" library="BuiltIn">
<doc>Fails if objects are unequal after converting them to strings.</doc>
<arguments>
<arg>${trois}</arg>
<arg>3</arg>
</arguments>
<status status="PASS" starttime="20240117 16:24:34.269" endtime="20240117 16:24:34.269"></status>
</kw>
<kw name="Click Element" library="Selenium2Library">
<doc>Click the element identified by ``locator``.</doc>
<arguments>
<arg>xpath:/html/body/div[3]/div/table/tbody/tr/td[1]/table/tbody/tr[2]/td[2]/div/div[1]/span[4]</arg>
</arguments>
<msg timestamp="20240117 16:24:34.269" level="INFO">Clicking element 'xpath:/html/body/div[3]/div/table/tbody/tr/td[1]/table/tbody/tr[2]/td[2]/div/div[1]/span[4]'.</msg>
<status status="PASS" starttime="20240117 16:24:34.269" endtime="20240117 16:24:34.311"></status>
</kw>
<kw name="Click Element" library="Selenium2Library">
<doc>Click the element identified by ``locator``.</doc>
<arguments>
<arg>xpath:/html/body/div[3]/div/table/tbody/tr/td[1]/table/tbody/tr[2]/td[2]/div/div[2]/span[2]</arg>
</arguments>
<msg timestamp="20240117 16:24:34.311" level="INFO">Clicking element 'xpath:/html/body/div[3]/div/table/tbody/tr/td[1]/table/tbody/tr[2]/td[2]/div/div[2]/span[2]'.</msg>
<status status="PASS" starttime="20240117 16:24:34.311" endtime="20240117 16:24:34.345"></status>
</kw>
<kw name="Get Text" library="Selenium2Library">
<doc>Returns the text value of the element identified by ``locator``.</doc>
<arguments>
<arg>xpath:/html/body/div[3]/div/table/tbody/tr/td[1]/table/tbody/tr[2]/td[2]/div/div[2]/span[2]</arg>
</arguments>
<assign>
<var>${cinq}</var>
</assign>
<msg timestamp="20240117 16:24:34.358" level="INFO">${cinq} = 5</msg>
<status status="PASS" starttime="20240117 16:24:34.346" endtime="20240117 16:24:34.358"></status>
</kw>
<kw name="Should Be Equal As Strings" library="BuiltIn">
<doc>Fails if objects are unequal after converting them to strings.</doc>
<arguments>
<arg>${cinq}</arg>
<arg>5</arg>
</arguments>
<status status="PASS" starttime="20240117 16:24:34.359" endtime="20240117 16:24:34.359"></status>
</kw>
<kw name="Click Element" library="Selenium2Library">
<doc>Click the element identified by ``locator``.</doc>
<arguments>
<arg>xpath:/html/body/div[3]/div/table/tbody/tr/td[1]/table/tbody/tr[2]/td[2]/div/div[5]/span[4]</arg>
</arguments>
<msg timestamp="20240117 16:24:34.359" level="INFO">Clicking element 'xpath:/html/body/div[3]/div/table/tbody/tr/td[1]/table/tbody/tr[2]/td[2]/div/div[5]/span[4]'.</msg>
<status status="PASS" starttime="20240117 16:24:34.359" endtime="20240117 16:24:34.389"></status>
</kw>
<kw name="Get Text" library="Selenium2Library">
<doc>Returns the text value of the element identified by ``locator``.</doc>
<arguments>
<arg>xpath://*[@id="sciOutPut"]</arg>
</arguments>
<assign>
<var>${huit}</var>
</assign>
<msg timestamp="20240117 16:24:34.402" level="INFO">${huit} =  8</msg>
<status status="PASS" starttime="20240117 16:24:34.390" endtime="20240117 16:24:34.402"></status>
</kw>
<kw name="Should Be Equal As Integers" library="BuiltIn">
<doc>Fails if objects are unequal after converting them to integers.</doc>
<arguments>
<arg>${huit}</arg>
<arg>8</arg>
</arguments>
<status status="PASS" starttime="20240117 16:24:34.403" endtime="20240117 16:24:34.403"></status>
</kw>
<kw name="Close Browser" library="Selenium2Library">
<doc>Closes the current browser.</doc>
<status status="PASS" starttime="20240117 16:24:34.404" endtime="20240117 16:24:36.620"></status>
</kw>
<status status="PASS" starttime="20240117 16:24:30.992" endtime="20240117 16:24:36.621" critical="yes"></status>
</test>
<status status="PASS" starttime="20240117 16:24:30.842" endtime="20240117 16:24:36.623"></status>
</suite>
<status status="PASS" starttime="20240117 16:24:30.840" endtime="20240117 16:24:36.626"></status>
</suite>
<status status="PASS" starttime="20240117 16:24:30.819" endtime="20240117 16:24:36.629"></status>
</suite>
<statistics>
<total>
<stat pass="1" fail="0">Critical Tests</stat>
<stat pass="1" fail="0">All Tests</stat>
</total>
<tag>
</tag>
<suite>
<stat pass="1" fail="0" id="s1" name="RobotSelenium">RobotSelenium</stat>
<stat pass="1" fail="0" id="s1-s1" name="CalculatriceAddition">RobotSelenium.CalculatriceAddition</stat>
<stat pass="1" fail="0" id="s1-s1-s1" name="Calculate">RobotSelenium.CalculatriceAddition.Calculate</stat>
</suite>
</statistics>
<errors>
</errors>
</robot>
